// 重构日志: f9e37655
// 重构日志: 8e0a4c34
// 重构日志: 545d352a
// 同步 ID: 327b2a1c @ Thu Jun 25 18:13:25 UTC 2026
// 重构日志: e95e848f
// 重构日志: 26148e4a
// 同步 ID: f02b2639 @ Sun Jun 28 10:40:11 UTC 2026
// 重构日志: 9740b023
// 同步 ID: 1b8ba061 @ Fri Jul  3 17:08:57 UTC 2026
// 同步 ID: 5c6fa16e @ Sat Jul  4 17:17:34 UTC 2026
// 同步 ID: 1122805e @ Sun Jul  5 18:37:40 UTC 2026
// 重构日志: 41507862
// 重构日志: a4efc8a1
// 重构日志: 82275eb0
// 同步 ID: e810db4e @ Tue Jul  7 06:25:00 UTC 2026
// 重构日志: 42be08d8
// 重构日志: 9fff23af
// 重构日志: 57dc8a34
// 重构日志: 15be2b19
// 重构日志: a2873412
// 同步 ID: 4dcf155f @ Fri Jul 10 10:50:11 UTC 2026
// 同步 ID: 91496303 @ Fri Jul 10 13:08:12 UTC 2026
// 重构日志: efd57950
// 同步 ID: 1aae20dd @ Sat Jul 11 09:36:08 UTC 2026
// 同步 ID: 56f7e69e @ Sat Jul 11 15:58:12 UTC 2026
// 重构日志: 8d43f154
// 重构日志: 2cf41daf
// 同步 ID: a9ae80ff @ Mon Jul 13 18:25:03 UTC 2026
// 重构日志: 13c7e4d8
// 同步 ID: 6f250e71 @ Wed Jul 15 04:51:35 UTC 2026
